<?xml version="1.0" encoding="UTF-8"?>
<!-- Generated by org.testng.reporters.JUnitReportReporter -->
<testsuite skipped="0" hostname="ASDP1534PO01976" name="com.qainfotech.com.RestAssuredJSONTesting.RestAssuredJson" tests="3" failures="0" timestamp="07 Sep 2018 08:32:06 GMT" time="3.170" errors="0">
  <testcase name="isIDAndUserIDSame" time="0.001" classname="com.qainfotech.com.RestAssuredJSONTesting.RestAssuredJson"/>
  <testcase name="isBothJsonFileParsed" time="3.169" classname="com.qainfotech.com.RestAssuredJSONTesting.RestAssuredJson"/>
  <testcase name="isUserIDHave20Replication" time="0.000" classname="com.qainfotech.com.RestAssuredJSONTesting.RestAssuredJson"/>
</testsuite> <!-- com.qainfotech.com.RestAssuredJSONTesting.RestAssuredJson -->
